<?xml version="1.0" encoding="UTF-8"?>
<!-- Generated by org.testng.reporters.JUnitReportReporter -->
<testsuite hostname="ZIPLSY1877" name="com.gojek.assignment.gojekfinalassignment.ComparatorTest" tests="1" failures="0" timestamp="26 Nov 2019 14:55:13 GMT" time="4.648" errors="0">
  <testcase name="testComparator" time="4.648" classname="com.gojek.assignment.gojekfinalassignment.ComparatorTest"/>
</testsuite> <!-- com.gojek.assignment.gojekfinalassignment.ComparatorTest -->
